This file contains any messages produced by compilers while
running configure, to aid debugging if configure makes a mistake.

It was created by Arm Examples configure 1.0, which was
generated by GNU Autoconf 2.69.  Invocation command line was

  $ ./configure --disable-option-checking --prefix=/usr/local --host=arm-none-eabi --enable-arm-compiler --cache-file=/dev/null --srcdir=.

## --------- ##
## Platform. ##
## --------- ##

hostname = pop-os
uname -m = x86_64
uname -r = 5.15.5-76051505-generic
uname -s = Linux
uname -v = #202111250933~1638201579~21.10~09f1aa7 SMP Mon Nov 29 16:23:13 U

/usr/bin/uname -p = x86_64
/bin/uname -X     = unknown

/bin/arch              = x86_64
/usr/bin/arch -k       = unknown
/usr/convex/getsysinfo = unknown
/usr/bin/hostinfo      = unknown
/bin/machine           = unknown
/usr/bin/oslevel       = unknown
/bin/universe          = unknown

PATH: /home/benny/perl5/bin
PATH: /home/benny/.local/bin
PATH: /home/benny/bin
PATH: /home/benny/perl5/bin
PATH: /home/benny/.local/bin
PATH: /home/benny/bin
PATH: /usr/local/sbin
PATH: /usr/local/bin
PATH: /usr/sbin
PATH: /usr/bin
PATH: /sbin
PATH: /bin
PATH: /usr/games
PATH: /usr/local/games
PATH: /snap/bin
PATH: /snap/bin
PATH: /home/benny/bin
PATH: /home/benny/bin


## ----------- ##
## Core tests. ##
## ----------- ##

configure:1806: =======> configuring ARM examples for loader
configure:1854: checking for a BSD-compatible install
configure:1922: result: /usr/bin/install -c
configure:1933: checking whether build environment is sane
configure:1988: result: yes
configure:2047: checking for arm-none-eabi-strip
configure:2063: found /usr/bin/arm-none-eabi-strip
configure:2074: result: arm-none-eabi-strip
configure:2139: checking for a thread-safe mkdir -p
configure:2178: result: /usr/bin/mkdir -p
configure:2185: checking for gawk
configure:2201: found /usr/bin/gawk
configure:2212: result: gawk
configure:2223: checking whether make sets $(MAKE)
configure:2245: result: yes
configure:2274: checking whether make supports nested variables
configure:2291: result: yes
configure:2425: checking whether make supports the include directive
configure:2440: make -f confmf.GNU && cat confinc.out
this is the am__doit target
configure:2443: $? = 0
configure:2462: result: yes (GNU style)
configure:2508: checking for arm-none-eabi-gcc
configure:2524: found /usr/bin/arm-none-eabi-gcc
configure:2535: result: arm-none-eabi-gcc
configure:2804: checking for C compiler version
configure:2813: arm-none-eabi-gcc --version >&5
arm-none-eabi-gcc (15:9-2019-q4-0ubuntu2) 9.2.1 20191025 (release) [ARM/arm-9-branch revision 277599]
Copyright (C) 2019 Free Software Foundation, Inc.
This is free software; see the source for copying conditions.  There is NO
warranty; not even for MERCHANTABILITY or FITNESS FOR A PARTICULAR PURPOSE.

configure:2824: $? = 0
configure:2813: arm-none-eabi-gcc -v >&5
Using built-in specs.
COLLECT_GCC=arm-none-eabi-gcc
COLLECT_LTO_WRAPPER=/usr/lib/gcc/arm-none-eabi/9.2.1/lto-wrapper
Target: arm-none-eabi
Configured with: ../configure --build=x86_64-linux-gnu --prefix=/usr --includedir='/usr/lib/include' --mandir='/usr/lib/share/man' --infodir='/usr/lib/share/info' --sysconfdir=/etc --localstatedir=/var --disable-option-checking --disable-silent-rules --libdir='/usr/lib/lib/x86_64-linux-gnu' --libexecdir='/usr/lib/lib/x86_64-linux-gnu' --disable-maintainer-mode --disable-dependency-tracking --mandir=/usr/share/man --enable-languages=c,c++,lto --enable-multilib --disable-decimal-float --disable-libffi --disable-libgomp --disable-libmudflap --disable-libquadmath --disable-libssp --disable-libstdcxx-pch --disable-nls --disable-shared --disable-threads --enable-tls --build=x86_64-linux-gnu --target=arm-none-eabi --with-system-zlib --with-gnu-as --with-gnu-ld --with-pkgversion=15:9-2019-q4-0ubuntu2 --without-included-gettext --prefix=/usr/lib --infodir=/usr/share/doc/gcc-arm-none-eabi/info --htmldir=/usr/share/doc/gcc-arm-none-eabi/html --pdfdir=/usr/share/doc/gcc-arm-none-eabi/pdf --bindir=/usr/bin --libexecdir=/usr/lib --libdir=/usr/lib --disable-libstdc++-v3 --host=x86_64-linux-gnu --with-headers=no --without-newlib --with-multilib-list=rmprofile CFLAGS='-g -O2 -fdebug-prefix-map=/build/gcc-arm-none-eabi-AANDE0/gcc-arm-none-eabi-9-2019-q4=. -fstack-protector-strong' CPPFLAGS='-Wdate-time -D_FORTIFY_SOURCE=2' CXXFLAGS='-g -O2 -fdebug-prefix-map=/build/gcc-arm-none-eabi-AANDE0/gcc-arm-none-eabi-9-2019-q4=. -fstack-protector-strong' FCFLAGS='-g -O2 -fdebug-prefix-map=/build/gcc-arm-none-eabi-AANDE0/gcc-arm-none-eabi-9-2019-q4=. -fstack-protector-strong' FFLAGS='-g -O2 -fdebug-prefix-map=/build/gcc-arm-none-eabi-AANDE0/gcc-arm-none-eabi-9-2019-q4=. -fstack-protector-strong' GCJFLAGS='-g -O2 -fdebug-prefix-map=/build/gcc-arm-none-eabi-AANDE0/gcc-arm-none-eabi-9-2019-q4=. -fstack-protector-strong' LDFLAGS='-Wl,-Bsymbolic-functions -Wl,-z,relro' OBJCFLAGS='-g -O2 -fdebug-prefix-map=/build/gcc-arm-none-eabi-AANDE0/gcc-arm-none-eabi-9-2019-q4=. -fstack-protector-strong' OBJCXXFLAGS='-g -O2 -fdebug-prefix-map=/build/gcc-arm-none-eabi-AANDE0/gcc-arm-none-eabi-9-2019-q4=. -fstack-protector-strong' INHIBIT_LIBC_CFLAGS=-DUSE_TM_CLONE_REGISTRY=0 AR_FOR_TARGET=arm-none-eabi-ar AS_FOR_TARGET=arm-none-eabi-as LD_FOR_TARGET=arm-none-eabi-ld NM_FOR_TARGET=arm-none-eabi-nm OBJDUMP_FOR_TARGET=arm-none-eabi-objdump RANLIB_FOR_TARGET=arm-none-eabi-ranlib READELF_FOR_TARGET=arm-none-eabi-readelf STRIP_FOR_TARGET=arm-none-eabi-strip
Thread model: single
gcc version 9.2.1 20191025 (release) [ARM/arm-9-branch revision 277599] (15:9-2019-q4-0ubuntu2) 
configure:2824: $? = 0
configure:2813: arm-none-eabi-gcc -V >&5
arm-none-eabi-gcc: error: unrecognized command line option '-V'
arm-none-eabi-gcc: fatal error: no input files
compilation terminated.
configure:2824: $? = 1
configure:2813: arm-none-eabi-gcc -qversion >&5
arm-none-eabi-gcc: error: unrecognized command line option '-qversion'; did you mean '--version'?
arm-none-eabi-gcc: fatal error: no input files
compilation terminated.
configure:2824: $? = 1
configure:2844: checking whether the C compiler works
configure:2866: arm-none-eabi-gcc   -nostdlib -Wl,--entry=0 conftest.c  >&5
configure:2870: $? = 0
configure:2918: result: yes
configure:2921: checking for C compiler default output file name
configure:2923: result: a.out
configure:2929: checking for suffix of executables
configure:2936: arm-none-eabi-gcc -o conftest   -nostdlib -Wl,--entry=0 conftest.c  >&5
configure:2940: $? = 0
configure:2962: result: 
configure:2984: checking whether we are cross compiling
configure:2992: arm-none-eabi-gcc -o conftest   -nostdlib -Wl,--entry=0 conftest.c  >&5
/usr/lib/gcc/arm-none-eabi/9.2.1/../../../arm-none-eabi/bin/ld: /tmp/ccXg8vH2.o: in function `main':
conftest.c:(.text+0x14): undefined reference to `fopen'
/usr/lib/gcc/arm-none-eabi/9.2.1/../../../arm-none-eabi/bin/ld: conftest.c:(.text+0x3c): undefined reference to `fclose'
collect2: error: ld returned 1 exit status
configure:2996: $? = 1
configure:3003: ./conftest
./configure: line 3005: ./conftest: No such file or directory
configure:3007: $? = 127
configure:3022: result: yes
configure:3027: checking for suffix of object files
configure:3049: arm-none-eabi-gcc -c   conftest.c >&5
configure:3053: $? = 0
configure:3074: result: o
configure:3078: checking whether we are using the GNU C compiler
configure:3097: arm-none-eabi-gcc -c   conftest.c >&5
configure:3097: $? = 0
configure:3106: result: yes
configure:3115: checking whether arm-none-eabi-gcc accepts -g
configure:3135: arm-none-eabi-gcc -c -g  conftest.c >&5
configure:3135: $? = 0
configure:3176: result: yes
configure:3193: checking for arm-none-eabi-gcc option to accept ISO C89
configure:3256: arm-none-eabi-gcc  -c -g -O2  conftest.c >&5
configure:3256: $? = 0
configure:3269: result: none needed
configure:3294: checking whether arm-none-eabi-gcc understands -c and -o together
configure:3316: arm-none-eabi-gcc -c conftest.c -o conftest2.o
configure:3319: $? = 0
configure:3316: arm-none-eabi-gcc -c conftest.c -o conftest2.o
configure:3319: $? = 0
configure:3331: result: yes
configure:3350: checking dependency style of arm-none-eabi-gcc
configure:3461: result: gcc3
configure:3487: checking whether the compiler is targeting ARM
configure:3490: result: yes
configure:4399: checking dependency style of arm-none-eabi-gcc
configure:4508: result: gcc3
configure:4524: checking whether C compiler accepts -no-pie
configure:4543: arm-none-eabi-gcc -c -g -O2 -Werror -no-pie  conftest.c >&5
configure:4543: $? = 0
configure:4551: result: yes
configure:4688: checking that generated files are newer than configure
configure:4694: result: done
configure:4737: creating ./config.status

## ---------------------- ##
## Running config.status. ##
## ---------------------- ##

This file was extended by Arm Examples config.status 1.0, which was
generated by GNU Autoconf 2.69.  Invocation command line was

  CONFIG_FILES    = 
  CONFIG_HEADERS  = 
  CONFIG_LINKS    = 
  CONFIG_COMMANDS = 
  $ ./config.status 

on pop-os

config.status:850: creating Makefile
config.status:850: creating config.h
config.status:1079: executing depfiles commands

## ---------------- ##
## Cache variables. ##
## ---------------- ##

ac_cv_c_compiler_gnu=yes
ac_cv_env_CCASFLAGS_set=
ac_cv_env_CCASFLAGS_value=
ac_cv_env_CCAS_set=
ac_cv_env_CCAS_value=
ac_cv_env_CC_set=
ac_cv_env_CC_value=
ac_cv_env_CFLAGS_set=
ac_cv_env_CFLAGS_value=
ac_cv_env_CPPFLAGS_set=
ac_cv_env_CPPFLAGS_value=
ac_cv_env_LDFLAGS_set=
ac_cv_env_LDFLAGS_value=
ac_cv_env_LIBS_set=
ac_cv_env_LIBS_value=
ac_cv_env_build_alias_set=
ac_cv_env_build_alias_value=
ac_cv_env_host_alias_set=set
ac_cv_env_host_alias_value=arm-none-eabi
ac_cv_env_target_alias_set=
ac_cv_env_target_alias_value=
ac_cv_objext=o
ac_cv_path_install='/usr/bin/install -c'
ac_cv_path_mkdir=/usr/bin/mkdir
ac_cv_prog_AWK=gawk
ac_cv_prog_CC=arm-none-eabi-gcc
ac_cv_prog_STRIP=arm-none-eabi-strip
ac_cv_prog_cc_c89=
ac_cv_prog_cc_g=yes
ac_cv_prog_make_make_set=yes
am_cv_CCAS_dependencies_compiler_type=gcc3
am_cv_CC_dependencies_compiler_type=gcc3
am_cv_make_support_nested_variables=yes
am_cv_prog_cc_c_o=yes
ax_cv_check_cflags__Werror__no_pie=yes

## ----------------- ##
## Output variables. ##
## ----------------- ##

ACLOCAL='${SHELL} "/home/benny/Documents/00 - Cours/PROG 5/Projet_PROG5/elf_linker-1.0/build-aux/missing" aclocal-1.16'
AMDEPBACKSLASH='\'
AMDEP_FALSE='#'
AMDEP_TRUE=''
AMTAR='$${TAR-tar}'
AM_BACKSLASH='\'
AM_DEFAULT_V='$(AM_DEFAULT_VERBOSITY)'
AM_DEFAULT_VERBOSITY='1'
AM_V='$(V)'
AUTOCONF='${SHELL} "/home/benny/Documents/00 - Cours/PROG 5/Projet_PROG5/elf_linker-1.0/build-aux/missing" autoconf'
AUTOHEADER='${SHELL} "/home/benny/Documents/00 - Cours/PROG 5/Projet_PROG5/elf_linker-1.0/build-aux/missing" autoheader'
AUTOMAKE='${SHELL} "/home/benny/Documents/00 - Cours/PROG 5/Projet_PROG5/elf_linker-1.0/build-aux/missing" automake-1.16'
AWK='gawk'
CC='arm-none-eabi-gcc'
CCAS='arm-none-eabi-gcc'
CCASDEPMODE='depmode=gcc3'
CCASFLAGS='-g -O2'
CCDEPMODE='depmode=gcc3'
CFLAGS='-g -O2'
CPPFLAGS=''
CYGPATH_W='echo'
DEFS='-DHAVE_CONFIG_H'
DEPDIR='.deps'
ECHO_C=''
ECHO_N='-n'
ECHO_T=''
EXEEXT=''
HAVE_ARM_COMPILER_FALSE='#'
HAVE_ARM_COMPILER_TRUE=''
HAVE_NO_STDLIB_FALSE='#'
HAVE_NO_STDLIB_TRUE=''
INSTALL_DATA='${INSTALL} -m 644'
INSTALL_PROGRAM='${INSTALL}'
INSTALL_SCRIPT='${INSTALL}'
INSTALL_STRIP_PROGRAM='$(install_sh) -c -s'
LDFLAGS=''
LIBOBJS=''
LIBS=''
LTLIBOBJS=''
MAKEINFO='${SHELL} "/home/benny/Documents/00 - Cours/PROG 5/Projet_PROG5/elf_linker-1.0/build-aux/missing" makeinfo'
MKDIR_P='/usr/bin/mkdir -p'
OBJEXT='o'
PACKAGE='arm-examples'
PACKAGE_BUGREPORT='Guillaume.Huard@imag.fr'
PACKAGE_NAME='Arm Examples'
PACKAGE_STRING='Arm Examples 1.0'
PACKAGE_TARNAME='arm-examples'
PACKAGE_URL=''
PACKAGE_VERSION='1.0'
PATH_SEPARATOR=':'
SET_MAKE=''
SHELL='/bin/bash'
STRIP='arm-none-eabi-strip'
VD_CROSS_NOPIE_CFLAGS='-no-pie'
VD_CROSS_NOSTDLIB_LDFLAGS='-nostdlib -Wl,--entry=0'
VERSION='1.0'
ac_ct_CC=''
am__EXEEXT_FALSE=''
am__EXEEXT_TRUE='#'
am__fastdepCCAS_FALSE='#'
am__fastdepCCAS_TRUE=''
am__fastdepCC_FALSE='#'
am__fastdepCC_TRUE=''
am__include='include'
am__isrc=''
am__leading_dot='.'
am__nodep='_no'
am__quote=''
am__tar='$${TAR-tar} chof - "$$tardir"'
am__untar='$${TAR-tar} xf -'
bindir='${exec_prefix}/bin'
build_alias=''
datadir='${datarootdir}'
datarootdir='${prefix}/share'
docdir='${datarootdir}/doc/${PACKAGE_TARNAME}'
dvidir='${docdir}'
exec_prefix='${prefix}'
host_alias='arm-none-eabi'
htmldir='${docdir}'
includedir='${prefix}/include'
infodir='${datarootdir}/info'
install_sh='${SHELL} '\''/home/benny/Documents/00 - Cours/PROG 5/Projet_PROG5/elf_linker-1.0/build-aux/install-sh'\'''
libdir='${exec_prefix}/lib'
libexecdir='${exec_prefix}/libexec'
localedir='${datarootdir}/locale'
localstatedir='${prefix}/var'
mandir='${datarootdir}/man'
mkdir_p='$(MKDIR_P)'
oldincludedir='/usr/include'
pdfdir='${docdir}'
prefix='/usr/local'
program_transform_name='s,x,x,'
psdir='${docdir}'
sbindir='${exec_prefix}/sbin'
sharedstatedir='${prefix}/com'
sysconfdir='${prefix}/etc'
target_alias=''

## ----------- ##
## confdefs.h. ##
## ----------- ##

/* confdefs.h */
#define PACKAGE_NAME "Arm Examples"
#define PACKAGE_TARNAME "arm-examples"
#define PACKAGE_VERSION "1.0"
#define PACKAGE_STRING "Arm Examples 1.0"
#define PACKAGE_BUGREPORT "Guillaume.Huard@imag.fr"
#define PACKAGE_URL ""
#define PACKAGE "arm-examples"
#define VERSION "1.0"

configure: exit 0
